<?xml version="1.0" encoding="UTF-8"?>
<!-- Generated by org.testng.reporters.JUnitReportReporter -->
<testsuite hostname="DESKTOP-3J7H24P" failures="0" tests="1" name="testNG_Package.Demo5" time="0.011" errors="0" timestamp="2023-08-25T19:59:15 IST" skipped="0">
  <testcase classname="testNG_Package.Demo5" name="login" time="0.011"/>
</testsuite> <!-- testNG_Package.Demo5 -->
