<?xml version="1.0" encoding="UTF-8"?>
<!-- Generated by org.testng.reporters.JUnitReportReporter -->
<testsuite hostname="DESKTOP-3J7H24P" failures="0" tests="7" name="testNG_Package.Demo1" time="0.072" errors="0" timestamp="2023-08-25T19:59:15 IST" skipped="0">
  <testcase classname="testNG_Package.Demo1" name="checkData" time="0.021"/>
  <testcase classname="testNG_Package.Demo1" name="dataEnter" time="0.010"/>
  <testcase classname="testNG_Package.Demo1" name="perform" time="0.005"/>
  <testcase classname="testNG_Package.Demo1" name="login" time="0.021"/>
  <testcase classname="testNG_Package.Demo1" name="dataEnter" time="0.007"/>
  <testcase classname="testNG_Package.Demo1" name="dataEnter" time="0.005"/>
  <testcase classname="testNG_Package.Demo1" name="SignOut" time="0.003"/>
</testsuite> <!-- testNG_Package.Demo1 -->
