<?xml version="1.0" encoding="UTF-8"?>
<!-- Generated by org.testng.reporters.JUnitReportReporter -->
<testsuite hostname="DESKTOP-3J7H24P" failures="0" tests="4" name="testNG_Package.Demo2" time="0.010" errors="0" timestamp="2023-08-25T19:59:15 IST" skipped="0">
  <testcase classname="testNG_Package.Demo2" name="pencil" time="0.003"/>
  <testcase classname="testNG_Package.Demo2" name="erazer" time="0.002"/>
  <testcase classname="testNG_Package.Demo2" name="Sharpner" time="0.003"/>
  <testcase classname="testNG_Package.Demo2" name="pen" time="0.002"/>
</testsuite> <!-- testNG_Package.Demo2 -->
