<?xml version="1.0" encoding="UTF-8"?>
<!-- Generated by org.testng.reporters.JUnitReportReporter -->
<testsuite hostname="DESKTOP-3J7H24P" failures="0" tests="1" name="window_handles.GetWindowHandles" time="34.333" errors="0" timestamp="2023-09-20T10:59:23 IST" skipped="0">
  <testcase classname="window_handles.GetWindowHandles" name="windowHandle" time="34.333"/>
</testsuite> <!-- window_handles.GetWindowHandles -->
