<?xml version="1.0" encoding="UTF-8"?>
<!-- Generated by org.testng.reporters.JUnitReportReporter -->
<testsuite hostname="DESKTOP-QG70OHE" failures="0" tests="1" name="academy.DemoTestNg" time="0.007" errors="0" timestamp="2025-03-07T23:32:11 IST" skipped="0">
  <testcase classname="academy.DemoTestNg" name="test1" time="0.007"/>
  <system-out/>
</testsuite> <!-- academy.DemoTestNg -->
