<?xml version="1.0" encoding="UTF-8"?>
<!-- Generated by org.testng.reporters.JUnitReportReporter -->
<testsuite hostname="DESKTOP-3J7H24P" failures="0" tests="1" name="academy.DemoTestNg" time="0.018" errors="0" timestamp="2023-12-31T21:00:09 IST" skipped="0">
  <testcase classname="academy.DemoTestNg" name="test1" time="0.018"/>
</testsuite> <!-- academy.DemoTestNg -->
